SF:lib/features/texts/domain/word.dart
DA:25,2
DA:32,2
DA:33,2
DA:35,2
DA:36,2
DA:37,4
DA:41,2
DA:42,4
DA:43,4
DA:46,4
DA:47,2
DA:48,2
DA:50,3
DA:54,6
DA:57,6
DA:58,4
DA:62,1
DA:63,2
DA:64,4
DA:65,2
DA:67,2
DA:71,0
DA:72,0
DA:74,1
DA:75,7
DA:77,10
DA:78,2
DA:79,8
LF:28
LH:26
end_of_record
SF:lib/features/texts/domain/text.dart
DA:18,4
DA:19,0
DA:20,1
DA:21,7
DA:23,1
DA:29,1
DA:30,5
DA:31,1
DA:34,2
DA:38,1
DA:39,2
DA:40,2
DA:41,4
DA:42,2
DA:49,1
DA:50,4
DA:51,4
DA:52,2
DA:53,2
DA:57,4
DA:60,1
DA:61,1
DA:62,4
DA:63,4
LF:24
LH:23
end_of_record
